#! /usr/bin/vvp
:ivl_version "13.0 (stable)" "(v13_0-dirty)";
:ivl_delay_selection "TYPICAL";
:vpi_time_precision - 12;
:vpi_module "/usr/lib/ivl/system.vpi";
:vpi_module "/usr/lib/ivl/vhdl_sys.vpi";
:vpi_module "/usr/lib/ivl/vhdl_textio.vpi";
:vpi_module "/usr/lib/ivl/v2005_math.vpi";
:vpi_module "/usr/lib/ivl/va_math.vpi";
S_0x556507833a70 .scope module, "top_tb" "top_tb" 2 4;
 .timescale -9 -12;
v0x556507859f00_0 .var "clk", 0 0;
v0x556507859fd0_0 .net "led", 2 0, v0x556507859de0_0;  1 drivers
S_0x5565078479c0 .scope module, "uut" "top" 2 9, 3 5 0, S_0x556507833a70;
 .timescale 0 0;
    .port_info 0 /INPUT 1 "clk";
    .port_info 1 /OUTPUT 3 "led";
v0x556507847bf0_0 .net "clk", 0 0, v0x556507859f00_0;  1 drivers
v0x556507859d00_0 .var "counter", 23 0;
v0x556507859de0_0 .var "led", 2 0;
E_0x556507848350 .event posedge, v0x556507847bf0_0;
    .scope S_0x5565078479c0;
T_0 ;
    %wait E_0x556507848350;
    %load/vec4 v0x556507859d00_0;
    %cmpi/e 12000000, 0, 24;
    %jmp/0xz  T_0.0, 4;
    %pushi/vec4 0, 0, 24;
    %assign/vec4 v0x556507859d00_0, 0;
    %load/vec4 v0x556507859de0_0;
    %addi 1, 0, 3;
    %assign/vec4 v0x556507859de0_0, 0;
    %jmp T_0.1;
T_0.0 ;
    %load/vec4 v0x556507859d00_0;
    %addi 1, 0, 24;
    %assign/vec4 v0x556507859d00_0, 0;
T_0.1 ;
    %jmp T_0;
    .thread T_0;
    .scope S_0x556507833a70;
T_1 ;
    %pushi/vec4 0, 0, 1;
    %store/vec4 v0x556507859f00_0, 0, 1;
    %end;
    .thread T_1;
    .scope S_0x556507833a70;
T_2 ;
    %delay 18500, 0;
    %load/vec4 v0x556507859f00_0;
    %inv;
    %store/vec4 v0x556507859f00_0, 0, 1;
    %jmp T_2;
    .thread T_2;
    .scope S_0x556507833a70;
T_3 ;
    %vpi_call 2 19 "$dumpfile", "sim/dump.vcd" {0 0 0};
    %vpi_call 2 20 "$dumpvars", 32'sb00000000000000000000000000000000, S_0x556507833a70 {0 0 0};
    %end;
    .thread T_3;
    .scope S_0x556507833a70;
T_4 ;
    %delay 705032704, 1;
    %vpi_call 2 27 "$finish" {0 0 0};
    %end;
    .thread T_4;
    .scope S_0x556507833a70;
T_5 ;
    %vpi_call 2 31 "$monitor", "t=%0t ns | led=%03b", $time, v0x556507859fd0_0 {0 0 0};
    %end;
    .thread T_5;
# The file index is used to find the file name in the following table.
:file_names 4;
    "N/A";
    "<interactive>";
    "sim/top_tb.v";
    "src/top.v";
